<?xml version="1.0" encoding="UTF-8"?>
<coverage generated="1758811747810" clover="3.2.0">
  <project timestamp="1758811747810" name="All files">
    <metrics statements="498" coveredstatements="459" conditionals="384" coveredconditionals="244" methods="88" coveredmethods="81" elements="970" coveredelements="784" complexity="0" loc="498" ncloc="498" packages="8" files="16" classes="16"/>
    <package name="config">
      <metrics statements="6" coveredstatements="4" conditionals="4" coveredconditionals="0" methods="1" coveredmethods="0"/>
      <file name="variationAttributes.js" path="C:\Users\The user\express48\server\config\variationAttributes.js">
        <metrics statements="6" coveredstatements="4" conditionals="4" coveredconditionals="0" methods="1" coveredmethods="0"/>
        <line num="4" count="2" type="stmt"/>
        <line num="22" count="2" type="stmt"/>
        <line num="32" count="2" type="stmt"/>
        <line num="50" count="2" type="stmt"/>
        <line num="59" count="0" type="stmt"/>
        <line num="60" count="0" type="cond" truecount="0" falsecount="4"/>
      </file>
    </package>
    <package name="controllers">
      <metrics statements="84" coveredstatements="84" conditionals="6" coveredconditionals="6" methods="12" coveredmethods="12"/>
      <file name="cartController.js" path="C:\Users\The user\express48\server\controllers\cartController.js">
        <metrics statements="64" coveredstatements="64" conditionals="0" coveredconditionals="0" methods="9" coveredmethods="9"/>
        <line num="2" count="1" type="stmt"/>
        <line num="4" count="1" type="stmt"/>
        <line num="5" count="2" type="stmt"/>
        <line num="6" count="2" type="stmt"/>
        <line num="7" count="2" type="stmt"/>
        <line num="8" count="1" type="stmt"/>
        <line num="10" count="1" type="stmt"/>
        <line num="14" count="1" type="stmt"/>
        <line num="15" count="2" type="stmt"/>
        <line num="16" count="2" type="stmt"/>
        <line num="17" count="2" type="stmt"/>
        <line num="18" count="2" type="stmt"/>
        <line num="19" count="2" type="stmt"/>
        <line num="20" count="1" type="stmt"/>
        <line num="22" count="1" type="stmt"/>
        <line num="26" count="1" type="stmt"/>
        <line num="27" count="2" type="stmt"/>
        <line num="28" count="2" type="stmt"/>
        <line num="29" count="2" type="stmt"/>
        <line num="30" count="2" type="stmt"/>
        <line num="31" count="1" type="stmt"/>
        <line num="33" count="1" type="stmt"/>
        <line num="37" count="1" type="stmt"/>
        <line num="38" count="2" type="stmt"/>
        <line num="39" count="2" type="stmt"/>
        <line num="40" count="2" type="stmt"/>
        <line num="41" count="2" type="stmt"/>
        <line num="42" count="1" type="stmt"/>
        <line num="44" count="1" type="stmt"/>
        <line num="48" count="1" type="stmt"/>
        <line num="49" count="2" type="stmt"/>
        <line num="50" count="2" type="stmt"/>
        <line num="51" count="2" type="stmt"/>
        <line num="52" count="1" type="stmt"/>
        <line num="54" count="1" type="stmt"/>
        <line num="57" count="1" type="stmt"/>
        <line num="58" count="2" type="stmt"/>
        <line num="60" count="2" type="stmt"/>
        <line num="61" count="2" type="stmt"/>
        <line num="62" count="2" type="stmt"/>
        <line num="63" count="2" type="stmt"/>
        <line num="64" count="2" type="stmt"/>
        <line num="65" count="1" type="stmt"/>
        <line num="67" count="1" type="stmt"/>
        <line num="70" count="1" type="stmt"/>
        <line num="71" count="2" type="stmt"/>
        <line num="72" count="2" type="stmt"/>
        <line num="73" count="2" type="stmt"/>
        <line num="74" count="2" type="stmt"/>
        <line num="75" count="1" type="stmt"/>
        <line num="77" count="1" type="stmt"/>
        <line num="81" count="1" type="stmt"/>
        <line num="82" count="2" type="stmt"/>
        <line num="83" count="2" type="stmt"/>
        <line num="84" count="2" type="stmt"/>
        <line num="85" count="2" type="stmt"/>
        <line num="86" count="1" type="stmt"/>
        <line num="88" count="1" type="stmt"/>
        <line num="92" count="1" type="stmt"/>
        <line num="93" count="2" type="stmt"/>
        <line num="94" count="2" type="stmt"/>
        <line num="95" count="2" type="stmt"/>
        <line num="96" count="1" type="stmt"/>
        <line num="98" count="1" type="stmt"/>
      </file>
      <file name="product.controller.js" path="C:\Users\The user\express48\server\controllers\product.controller.js">
        <metrics statements="20" coveredstatements="20" conditionals="6" coveredconditionals="6" methods="3" coveredmethods="3"/>
        <line num="6" count="3" type="stmt"/>
        <line num="7" count="3" type="cond" truecount="2" falsecount="0"/>
        <line num="8" count="3" type="stmt"/>
        <line num="9" count="2" type="stmt"/>
        <line num="11" count="1" type="stmt"/>
        <line num="15" count="9" type="stmt"/>
        <line num="16" count="3" type="stmt"/>
        <line num="17" count="3" type="stmt"/>
        <line num="18" count="2" type="stmt"/>
        <line num="20" count="1" type="stmt"/>
        <line num="24" count="9" type="stmt"/>
        <line num="25" count="6" type="stmt"/>
        <line num="26" count="6" type="stmt"/>
        <line num="27" count="6" type="stmt"/>
        <line num="28" count="4" type="cond" truecount="2" falsecount="0"/>
        <line num="29" count="2" type="stmt"/>
        <line num="31" count="2" type="stmt"/>
        <line num="33" count="4" type="cond" truecount="2" falsecount="0"/>
        <line num="34" count="3" type="stmt"/>
        <line num="36" count="1" type="stmt"/>
      </file>
    </package>
    <package name="middlewares">
      <metrics statements="33" coveredstatements="31" conditionals="27" coveredconditionals="17" methods="6" coveredmethods="4"/>
      <file name="errorHandler.js" path="C:\Users\The user\express48\server\middlewares\errorHandler.js">
        <metrics statements="13" coveredstatements="13" conditionals="14" coveredconditionals="13" methods="2" coveredmethods="2"/>
        <line num="1" count="2" type="stmt"/>
        <line num="3" count="12" type="cond" truecount="3" falsecount="0"/>
        <line num="6" count="12" type="cond" truecount="2" falsecount="0"/>
        <line num="8" count="12" type="stmt"/>
        <line num="16" count="12" type="stmt"/>
        <line num="23" count="9" type="cond" truecount="7" falsecount="0"/>
        <line num="24" count="1" type="stmt"/>
        <line num="25" count="2" type="stmt"/>
        <line num="26" count="1" type="stmt"/>
        <line num="27" count="1" type="stmt"/>
        <line num="28" count="1" type="stmt"/>
        <line num="29" count="2" type="stmt"/>
        <line num="30" count="1" type="stmt"/>
      </file>
      <file name="rateLimit.middleware.js" path="C:\Users\The user\express48\server\middlewares\rateLimit.middleware.js">
        <metrics statements="20" coveredstatements="18" conditionals="13" coveredconditionals="4" methods="4" coveredmethods="2"/>
        <line num="10" count="1" type="stmt"/>
        <line num="11" count="0" type="stmt"/>
        <line num="19" count="1" type="stmt"/>
        <line num="20" count="1" type="cond" truecount="1" falsecount="1"/>
        <line num="21" count="1" type="cond" truecount="1" falsecount="1"/>
        <line num="24" count="1" type="stmt"/>
        <line num="27" count="1" type="stmt"/>
        <line num="28" count="1" type="cond" truecount="1" falsecount="2"/>
        <line num="32" count="1" type="stmt"/>
        <line num="33" count="1" type="cond" truecount="1" falsecount="1"/>
        <line num="37" count="1" type="stmt"/>
        <line num="49" count="1" type="stmt"/>
        <line num="58" count="1" type="stmt"/>
        <line num="67" count="1" type="stmt"/>
        <line num="77" count="1" type="stmt"/>
        <line num="86" count="1" type="stmt"/>
        <line num="94" count="1" type="stmt"/>
        <line num="102" count="0" type="cond" truecount="0" falsecount="2"/>
        <line num="106" count="1" type="stmt"/>
        <line num="116" count="1" type="stmt"/>
      </file>
    </package>
    <package name="models">
      <metrics statements="208" coveredstatements="180" conditionals="249" coveredconditionals="150" methods="36" coveredmethods="34"/>
      <file name="Product.js" path="C:\Users\The user\express48\server\models\Product.js">
        <metrics statements="185" coveredstatements="165" conditionals="239" coveredconditionals="143" methods="33" coveredmethods="33"/>
        <line num="8" count="29" type="stmt"/>
        <line num="20" count="88" type="stmt"/>
        <line num="24" count="50" type="cond" truecount="1" falsecount="1"/>
        <line num="25" count="50" type="cond" truecount="2" falsecount="0"/>
        <line num="29" count="2" type="stmt"/>
        <line num="31" count="52" type="stmt"/>
        <line num="37" count="52" type="cond" truecount="1" falsecount="1"/>
        <line num="38" count="52" type="stmt"/>
        <line num="41" count="21" type="cond" truecount="2" falsecount="0"/>
        <line num="44" count="12" type="stmt"/>
        <line num="45" count="12" type="cond" truecount="1" falsecount="1"/>
        <line num="46" count="12" type="stmt"/>
        <line num="47" count="12" type="cond" truecount="5" falsecount="1"/>
        <line num="48" count="12" type="stmt"/>
        <line num="49" count="12" type="stmt"/>
        <line num="50" count="12" type="stmt"/>
        <line num="54" count="12" type="cond" truecount="1" falsecount="2"/>
        <line num="55" count="12" type="cond" truecount="1" falsecount="1"/>
        <line num="56" count="12" type="stmt"/>
        <line num="57" count="12" type="stmt"/>
        <line num="61" count="4" type="cond" truecount="2" falsecount="0"/>
        <line num="62" count="2" type="cond" truecount="1" falsecount="1"/>
        <line num="63" count="2" type="stmt"/>
        <line num="64" count="2" type="cond" truecount="2" falsecount="2"/>
        <line num="65" count="2" type="cond" truecount="2" falsecount="2"/>
        <line num="66" count="2" type="cond" truecount="2" falsecount="0"/>
        <line num="70" count="2" type="cond" truecount="2" falsecount="0"/>
        <line num="71" count="1" type="cond" truecount="1" falsecount="1"/>
        <line num="72" count="1" type="cond" truecount="1" falsecount="1"/>
        <line num="73" count="1" type="stmt"/>
        <line num="75" count="0" type="cond" truecount="0" falsecount="2"/>
        <line num="76" count="0" type="cond" truecount="0" falsecount="2"/>
        <line num="77" count="0" type="stmt"/>
        <line num="79" count="0" type="stmt"/>
        <line num="83" count="2" type="stmt"/>
        <line num="90" count="2" type="stmt"/>
        <line num="91" count="1" type="cond" truecount="2" falsecount="3"/>
        <line num="92" count="0" type="stmt"/>
        <line num="94" count="1" type="stmt"/>
        <line num="97" count="2" type="stmt"/>
        <line num="101" count="2" type="stmt"/>
        <line num="102" count="2" type="cond" truecount="1" falsecount="1"/>
        <line num="103" count="2" type="stmt"/>
        <line num="107" count="2" type="stmt"/>
        <line num="135" count="2" type="stmt"/>
        <line num="263" count="2" type="stmt"/>
        <line num="264" count="2" type="stmt"/>
        <line num="265" count="2" type="stmt"/>
        <line num="266" count="2" type="stmt"/>
        <line num="269" count="2" type="stmt"/>
        <line num="270" count="2" type="stmt"/>
        <line num="271" count="2" type="stmt"/>
        <line num="272" count="2" type="stmt"/>
        <line num="276" count="2" type="stmt"/>
        <line num="277" count="13" type="cond" truecount="4" falsecount="0"/>
        <line num="278" count="5" type="cond" truecount="2" falsecount="0"/>
        <line num="279" count="5" type="cond" truecount="2" falsecount="0"/>
        <line num="281" count="13" type="cond" truecount="2" falsecount="0"/>
        <line num="282" count="13" type="stmt"/>
        <line num="286" count="2" type="stmt"/>
        <line num="287" count="13" type="cond" truecount="2" falsecount="2"/>
        <line num="288" count="13" type="stmt"/>
        <line num="289" count="13" type="cond" truecount="1" falsecount="1"/>
        <line num="290" count="13" type="cond" truecount="2" falsecount="0"/>
        <line num="291" count="13" type="cond" truecount="1" falsecount="1"/>
        <line num="293" count="52" type="cond" truecount="2" falsecount="1"/>
        <line num="296" count="13" type="cond" truecount="1" falsecount="1"/>
        <line num="297" count="13" type="stmt"/>
        <line num="299" count="0" type="stmt"/>
        <line num="304" count="0" type="cond" truecount="0" falsecount="4"/>
        <line num="307" count="13" type="cond" truecount="2" falsecount="0"/>
        <line num="308" count="13" type="cond" truecount="1" falsecount="1"/>
        <line num="309" count="13" type="stmt"/>
        <line num="310" count="13" type="stmt"/>
        <line num="311" count="13" type="stmt"/>
        <line num="313" count="13" type="stmt"/>
        <line num="314" count="13" type="stmt"/>
        <line num="316" count="0" type="stmt"/>
        <line num="321" count="2" type="stmt"/>
        <line num="322" count="18" type="cond" truecount="5" falsecount="0"/>
        <line num="323" count="1" type="stmt"/>
        <line num="325" count="17" type="stmt"/>
        <line num="329" count="2" type="stmt"/>
        <line num="330" count="13" type="cond" truecount="1" falsecount="1"/>
        <line num="331" count="0" type="cond" truecount="0" falsecount="4"/>
        <line num="332" count="0" type="stmt"/>
        <line num="333" count="0" type="cond" truecount="0" falsecount="2"/>
        <line num="334" count="0" type="stmt"/>
        <line num="337" count="13" type="stmt"/>
        <line num="342" count="2" type="stmt"/>
        <line num="343" count="13" type="cond" truecount="1" falsecount="1"/>
        <line num="344" count="13" type="stmt"/>
        <line num="345" count="5" type="cond" truecount="2" falsecount="2"/>
        <line num="346" count="5" type="cond" truecount="1" falsecount="1"/>
        <line num="347" count="5" type="stmt"/>
        <line num="351" count="13" type="stmt"/>
        <line num="353" count="2" type="stmt"/>
        <line num="355" count="17" type="cond" truecount="4" falsecount="0"/>
        <line num="356" count="1" type="stmt"/>
        <line num="359" count="17" type="cond" truecount="4" falsecount="0"/>
        <line num="360" count="1" type="stmt"/>
        <line num="363" count="17" type="stmt"/>
        <line num="367" count="2" type="stmt"/>
        <line num="368" count="13" type="cond" truecount="3" falsecount="0"/>
        <line num="369" count="13" type="cond" truecount="3" falsecount="0"/>
        <line num="370" count="13" type="cond" truecount="2" falsecount="0"/>
        <line num="372" count="13" type="cond" truecount="2" falsecount="0"/>
        <line num="373" count="12" type="cond" truecount="2" falsecount="3"/>
        <line num="374" count="12" type="stmt"/>
        <line num="376" count="12" type="cond" truecount="2" falsecount="4"/>
        <line num="377" count="12" type="stmt"/>
        <line num="380" count="1" type="cond" truecount="1" falsecount="1"/>
        <line num="381" count="1" type="cond" truecount="1" falsecount="1"/>
        <line num="383" count="13" type="stmt"/>
        <line num="385" count="2" type="stmt"/>
        <line num="386" count="16" type="cond" truecount="2" falsecount="0"/>
        <line num="387" count="2" type="cond" truecount="2" falsecount="0"/>
        <line num="389" count="14" type="stmt"/>
        <line num="392" count="2" type="stmt"/>
        <line num="393" count="17" type="cond" truecount="4" falsecount="0"/>
        <line num="394" count="1" type="stmt"/>
        <line num="396" count="16" type="cond" truecount="1" falsecount="1"/>
        <line num="397" count="0" type="stmt"/>
        <line num="399" count="16" type="cond" truecount="1" falsecount="1"/>
        <line num="400" count="5" type="cond" truecount="1" falsecount="1"/>
        <line num="401" count="5" type="cond" truecount="1" falsecount="1"/>
        <line num="402" count="5" type="cond" truecount="1" falsecount="1"/>
        <line num="405" count="16" type="stmt"/>
        <line num="409" count="2" type="stmt"/>
        <line num="410" count="13" type="stmt"/>
        <line num="411" count="13" type="stmt"/>
        <line num="412" count="13" type="stmt"/>
        <line num="413" count="13" type="stmt"/>
        <line num="414" count="13" type="stmt"/>
        <line num="418" count="2" type="stmt"/>
        <line num="419" count="16" type="cond" truecount="2" falsecount="1"/>
        <line num="420" count="16" type="cond" truecount="2" falsecount="3"/>
        <line num="421" count="16" type="cond" truecount="4" falsecount="2"/>
        <line num="422" count="16" type="stmt"/>
        <line num="423" count="16" type="cond" truecount="3" falsecount="3"/>
        <line num="424" count="16" type="stmt"/>
        <line num="426" count="16" type="stmt"/>
        <line num="430" count="2" type="stmt"/>
        <line num="431" count="13" type="cond" truecount="2" falsecount="2"/>
        <line num="432" count="13" type="stmt"/>
        <line num="433" count="13" type="cond" truecount="1" falsecount="3"/>
        <line num="435" count="13" type="stmt"/>
        <line num="436" count="13" type="stmt"/>
        <line num="437" count="13" type="stmt"/>
        <line num="438" count="13" type="stmt"/>
        <line num="439" count="0" type="stmt"/>
        <line num="441" count="13" type="stmt"/>
        <line num="442" count="13" type="stmt"/>
        <line num="445" count="2" type="stmt"/>
        <line num="446" count="13" type="stmt"/>
        <line num="447" count="13" type="cond" truecount="1" falsecount="1"/>
        <line num="448" count="13" type="stmt"/>
        <line num="450" count="13" type="stmt"/>
        <line num="455" count="2" type="stmt"/>
        <line num="456" count="13" type="cond" truecount="2" falsecount="0"/>
        <line num="457" count="1" type="cond" truecount="1" falsecount="1"/>
        <line num="458" count="1" type="cond" truecount="5" falsecount="5"/>
        <line num="459" count="1" type="cond" truecount="5" falsecount="5"/>
        <line num="460" count="1" type="stmt"/>
        <line num="461" count="1" type="stmt"/>
        <line num="462" count="1" type="cond" truecount="1" falsecount="1"/>
        <line num="464" count="13" type="stmt"/>
        <line num="468" count="2" type="cond" truecount="1" falsecount="0"/>
        <line num="469" count="2" type="cond" truecount="1" falsecount="1"/>
        <line num="470" count="2" type="cond" truecount="1" falsecount="1"/>
        <line num="471" count="2" type="cond" truecount="2" falsecount="0"/>
        <line num="472" count="2" type="stmt"/>
        <line num="473" count="2" type="cond" truecount="2" falsecount="0"/>
        <line num="475" count="2" type="cond" truecount="2" falsecount="0"/>
        <line num="476" count="1" type="cond" truecount="1" falsecount="1"/>
        <line num="477" count="1" type="cond" truecount="1" falsecount="1"/>
        <line num="478" count="0" type="cond" truecount="0" falsecount="2"/>
        <line num="479" count="0" type="stmt"/>
        <line num="480" count="0" type="stmt"/>
        <line num="482" count="0" type="cond" truecount="0" falsecount="2"/>
        <line num="483" count="0" type="stmt"/>
        <line num="484" count="0" type="stmt"/>
        <line num="489" count="2" type="stmt"/>
        <line num="490" count="2" type="stmt"/>
        <line num="501" count="2" type="cond" truecount="2" falsecount="0"/>
      </file>
      <file name="cart.js" path="C:\Users\The user\express48\server\models\cart.js">
        <metrics statements="3" coveredstatements="3" conditionals="0" coveredconditionals="0" methods="0" coveredmethods="0"/>
        <line num="3" count="1" type="stmt"/>
        <line num="25" count="1" type="stmt"/>
        <line num="35" count="1" type="stmt"/>
      </file>
      <file name="counter.js" path="C:\Users\The user\express48\server\models\counter.js">
        <metrics statements="20" coveredstatements="12" conditionals="10" coveredconditionals="7" methods="3" coveredmethods="1"/>
        <line num="7" count="2" type="stmt"/>
        <line num="19" count="2" type="stmt"/>
        <line num="25" count="2" type="cond" truecount="1" falsecount="0"/>
        <line num="26" count="13" type="cond" truecount="4" falsecount="1"/>
        <line num="27" count="0" type="stmt"/>
        <line num="29" count="13" type="stmt"/>
        <line num="30" count="13" type="stmt"/>
        <line num="31" count="13" type="stmt"/>
        <line num="32" count="13" type="stmt"/>
        <line num="33" count="13" type="stmt"/>
        <line num="37" count="2" type="stmt"/>
        <line num="38" count="0" type="stmt"/>
        <line num="39" count="0" type="cond" truecount="0" falsecount="2"/>
        <line num="43" count="2" type="stmt"/>
        <line num="44" count="0" type="stmt"/>
        <line num="45" count="0" type="stmt"/>
        <line num="46" count="0" type="stmt"/>
        <line num="47" count="0" type="stmt"/>
        <line num="48" count="0" type="stmt"/>
        <line num="51" count="2" type="cond" truecount="2" falsecount="0"/>
      </file>
    </package>
    <package name="mongoQueries">
      <metrics statements="2" coveredstatements="1" conditionals="0" coveredconditionals="0" methods="1" coveredmethods="0"/>
      <file name="cartQueries.js" path="C:\Users\The user\express48\server\mongoQueries\cartQueries.js">
        <metrics statements="2" coveredstatements="1" conditionals="0" coveredconditionals="0" methods="1" coveredmethods="0"/>
        <line num="1" count="1" type="stmt"/>
        <line num="2" count="0" type="stmt"/>
      </file>
    </package>
    <package name="router">
      <metrics statements="22" coveredstatements="22" conditionals="0" coveredconditionals="0" methods="0" coveredmethods="0"/>
      <file name="cartRouter.js" path="C:\Users\The user\express48\server\router\cartRouter.js">
        <metrics statements="10" coveredstatements="10" conditionals="0" coveredconditionals="0" methods="0" coveredmethods="0"/>
        <line num="15" count="1" type="stmt"/>
        <line num="17" count="1" type="stmt"/>
        <line num="18" count="1" type="stmt"/>
        <line num="19" count="1" type="stmt"/>
        <line num="20" count="1" type="stmt"/>
        <line num="21" count="1" type="stmt"/>
        <line num="22" count="1" type="stmt"/>
        <line num="23" count="1" type="stmt"/>
        <line num="25" count="1" type="stmt"/>
        <line num="26" count="1" type="stmt"/>
      </file>
      <file name="entrance.router.js" path="C:\Users\The user\express48\server\router\entrance.router.js">
        <metrics statements="7" coveredstatements="7" conditionals="0" coveredconditionals="0" methods="0" coveredmethods="0"/>
        <line num="6" count="1" type="stmt"/>
        <line num="7" count="1" type="stmt"/>
        <line num="9" count="1" type="stmt"/>
        <line num="10" count="1" type="stmt"/>
        <line num="11" count="1" type="stmt"/>
        <line num="12" count="1" type="stmt"/>
        <line num="13" count="1" type="stmt"/>
      </file>
      <file name="product.router.js" path="C:\Users\The user\express48\server\router\product.router.js">
        <metrics statements="5" coveredstatements="5" conditionals="0" coveredconditionals="0" methods="0" coveredmethods="0"/>
        <line num="3" count="1" type="stmt"/>
        <line num="4" count="1" type="stmt"/>
        <line num="6" count="1" type="stmt"/>
        <line num="7" count="1" type="stmt"/>
        <line num="8" count="1" type="stmt"/>
      </file>
    </package>
    <package name="service">
      <metrics statements="140" coveredstatements="134" conditionals="97" coveredconditionals="71" methods="31" coveredmethods="30"/>
      <file name="cartService.js" path="C:\Users\The user\express48\server\service\cartService.js">
        <metrics statements="85" coveredstatements="81" conditionals="56" coveredconditionals="39" methods="21" coveredmethods="20"/>
        <line num="5" count="3" type="cond" truecount="2" falsecount="2"/>
        <line num="9" count="2" type="stmt"/>
        <line num="10" count="2" type="cond" truecount="2" falsecount="0"/>
        <line num="14" count="3" type="stmt"/>
        <line num="15" count="3" type="cond" truecount="2" falsecount="0"/>
        <line num="16" count="2" type="stmt"/>
        <line num="17" count="2" type="cond" truecount="2" falsecount="0"/>
        <line num="18" count="1" type="stmt"/>
        <line num="20" count="1" type="stmt"/>
        <line num="21" count="1" type="cond" truecount="1" falsecount="1"/>
        <line num="22" count="0" type="stmt"/>
        <line num="24" count="1" type="stmt"/>
        <line num="25" count="1" type="cond" truecount="1" falsecount="1"/>
        <line num="26" count="1" type="stmt"/>
        <line num="29" count="2" type="stmt"/>
        <line num="30" count="2" type="stmt"/>
        <line num="32" count="2" type="stmt"/>
        <line num="56" count="4" type="stmt"/>
        <line num="57" count="4" type="cond" truecount="2" falsecount="0"/>
        <line num="58" count="1" type="stmt"/>
        <line num="61" count="3" type="stmt"/>
        <line num="63" count="3" type="cond" truecount="2" falsecount="0"/>
        <line num="64" count="1" type="stmt"/>
        <line num="66" count="2" type="cond" truecount="2" falsecount="0"/>
        <line num="68" count="1" type="stmt"/>
        <line num="71" count="1" type="stmt"/>
        <line num="74" count="2" type="stmt"/>
        <line num="75" count="2" type="stmt"/>
        <line num="80" count="2" type="stmt"/>
        <line num="81" count="2" type="cond" truecount="2" falsecount="0"/>
        <line num="82" count="1" type="stmt"/>
        <line num="86" count="2" type="stmt"/>
        <line num="91" count="1" type="stmt"/>
        <line num="92" count="1" type="stmt"/>
        <line num="100" count="2" type="stmt"/>
        <line num="101" count="2" type="cond" truecount="2" falsecount="0"/>
        <line num="102" count="1" type="stmt"/>
        <line num="103" count="1" type="stmt"/>
        <line num="105" count="2" type="stmt"/>
        <line num="184" count="3" type="stmt"/>
        <line num="187" count="3" type="cond" truecount="1" falsecount="1"/>
        <line num="188" count="3" type="cond" truecount="1" falsecount="1"/>
        <line num="189" count="3" type="cond" truecount="2" falsecount="0"/>
        <line num="192" count="3" type="stmt"/>
        <line num="193" count="3" type="stmt"/>
        <line num="194" count="3" type="stmt"/>
        <line num="196" count="3" type="cond" truecount="2" falsecount="0"/>
        <line num="198" count="2" type="stmt"/>
        <line num="199" count="2" type="stmt"/>
        <line num="200" count="2" type="cond" truecount="2" falsecount="0"/>
        <line num="201" count="1" type="cond" truecount="1" falsecount="1"/>
        <line num="204" count="1" type="stmt"/>
        <line num="205" count="1" type="stmt"/>
        <line num="206" count="1" type="stmt"/>
        <line num="211" count="1" type="stmt"/>
        <line num="212" count="1" type="stmt"/>
        <line num="213" count="1" type="cond" truecount="1" falsecount="1"/>
        <line num="214" count="1" type="cond" truecount="1" falsecount="1"/>
        <line num="215" count="1" type="stmt"/>
        <line num="216" count="1" type="cond" truecount="1" falsecount="1"/>
        <line num="217" count="1" type="stmt"/>
        <line num="219" count="1" type="stmt"/>
        <line num="221" count="1" type="cond" truecount="1" falsecount="1"/>
        <line num="223" count="0" type="stmt"/>
        <line num="224" count="0" type="cond" truecount="0" falsecount="2"/>
        <line num="225" count="0" type="cond" truecount="0" falsecount="2"/>
        <line num="229" count="1" type="stmt"/>
        <line num="230" count="1" type="stmt"/>
        <line num="235" count="3" type="stmt"/>
        <line num="236" count="3" type="cond" truecount="2" falsecount="0"/>
        <line num="237" count="1" type="stmt"/>
        <line num="239" count="2" type="stmt"/>
        <line num="240" count="2" type="cond" truecount="2" falsecount="0"/>
        <line num="241" count="1" type="stmt"/>
        <line num="243" count="1" type="stmt"/>
        <line num="244" count="1" type="stmt"/>
        <line num="246" count="1" type="stmt"/>
        <line num="253" count="2" type="stmt"/>
        <line num="255" count="2" type="stmt"/>
        <line num="260" count="2" type="cond" truecount="2" falsecount="0"/>
        <line num="261" count="1" type="stmt"/>
        <line num="263" count="1" type="stmt"/>
        <line num="267" count="1" type="stmt"/>
        <line num="272" count="1" type="stmt"/>
        <line num="278" count="1" type="stmt"/>
      </file>
      <file name="entrance.service.js" path="C:\Users\The user\express48\server\service\entrance.service.js">
        <metrics statements="25" coveredstatements="25" conditionals="12" coveredconditionals="12" methods="5" coveredmethods="5"/>
        <line num="10" count="2" type="stmt"/>
        <line num="11" count="2" type="cond" truecount="2" falsecount="0"/>
        <line num="13" count="1" type="stmt"/>
        <line num="17" count="4" type="stmt"/>
        <line num="18" count="4" type="cond" truecount="2" falsecount="0"/>
        <line num="20" count="3" type="stmt"/>
        <line num="21" count="3" type="cond" truecount="2" falsecount="0"/>
        <line num="23" count="2" type="stmt"/>
        <line num="24" count="2" type="cond" truecount="2" falsecount="0"/>
        <line num="26" count="1" type="stmt"/>
        <line num="28" count="1" type="stmt"/>
        <line num="33" count="2" type="stmt"/>
        <line num="34" count="2" type="cond" truecount="2" falsecount="0"/>
        <line num="35" count="1" type="stmt"/>
        <line num="36" count="1" type="stmt"/>
        <line num="39" count="1" type="stmt"/>
        <line num="40" count="1" type="stmt"/>
        <line num="41" count="1" type="stmt"/>
        <line num="43" count="1" type="stmt"/>
        <line num="48" count="2" type="stmt"/>
        <line num="49" count="2" type="cond" truecount="2" falsecount="0"/>
        <line num="50" count="2" type="stmt"/>
        <line num="51" count="2" type="stmt"/>
        <line num="54" count="2" type="stmt"/>
        <line num="55" count="2" type="stmt"/>
      </file>
      <file name="product.service.js" path="C:\Users\The user\express48\server\service\product.service.js">
        <metrics statements="30" coveredstatements="28" conditionals="29" coveredconditionals="20" methods="5" coveredmethods="5"/>
        <line num="6" count="3" type="cond" truecount="1" falsecount="1"/>
        <line num="7" count="3" type="stmt"/>
        <line num="8" count="3" type="stmt"/>
        <line num="13" count="4" type="cond" truecount="4" falsecount="0"/>
        <line num="14" count="1" type="stmt"/>
        <line num="17" count="3" type="stmt"/>
        <line num="18" count="3" type="stmt"/>
        <line num="20" count="3" type="stmt"/>
        <line num="21" count="3" type="stmt"/>
        <line num="26" count="3" type="stmt"/>
        <line num="32" count="3" type="stmt"/>
        <line num="33" count="3" type="cond" truecount="1" falsecount="1"/>
        <line num="34" count="0" type="stmt"/>
        <line num="38" count="3" type="stmt"/>
        <line num="40" count="3" type="stmt"/>
        <line num="54" count="0" type="cond" truecount="0" falsecount="4"/>
        <line num="58" count="1" type="stmt"/>
        <line num="59" count="3" type="stmt"/>
        <line num="60" count="3" type="stmt"/>
        <line num="61" count="2" type="cond" truecount="1" falsecount="1"/>
        <line num="62" count="2" type="stmt"/>
        <line num="64" count="1" type="cond" truecount="3" falsecount="1"/>
        <line num="68" count="1" type="stmt"/>
        <line num="69" count="5" type="cond" truecount="2" falsecount="0"/>
        <line num="71" count="3" type="stmt"/>
        <line num="72" count="3" type="stmt"/>
        <line num="73" count="2" type="cond" truecount="2" falsecount="0"/>
        <line num="74" count="1" type="stmt"/>
        <line num="76" count="2" type="cond" truecount="3" falsecount="1"/>
        <line num="81" count="1" type="stmt"/>
      </file>
    </package>
    <package name="utils">
      <metrics statements="3" coveredstatements="3" conditionals="1" coveredconditionals="0" methods="1" coveredmethods="1"/>
      <file name="customError.js" path="C:\Users\The user\express48\server\utils\customError.js">
        <metrics statements="3" coveredstatements="3" conditionals="1" coveredconditionals="0" methods="1" coveredmethods="1"/>
        <line num="3" count="13" type="stmt"/>
        <line num="4" count="13" type="stmt"/>
        <line num="5" count="13" type="stmt"/>
      </file>
    </package>
  </project>
</coverage>
