{"C:\\Users\\The user\\express48\\server\\controllers\\product.controller.js": {"path":"C:\\Users\\The user\\express48\\server\\controllers\\product.controller.js","statementMap":{"0":{"start":{"line":6,"column":4},"end":{"line":12,"column":5}},"1":{"start":{"line":7,"column":20},"end":{"line":7,"column":55}},"2":{"start":{"line":8,"column":23},"end":{"line":8,"column":66}},"3":{"start":{"line":9,"column":6},"end":{"line":9,"column":36}},"4":{"start":{"line":11,"column":6},"end":{"line":11,"column":62}},"5":{"start":{"line":15,"column":19},"end":{"line":22,"column":3}},"6":{"start":{"line":16,"column":4},"end":{"line":21,"column":5}},"7":{"start":{"line":17,"column":23},"end":{"line":17,"column":67}},"8":{"start":{"line":18,"column":6},"end":{"line":18,"column":25}},"9":{"start":{"line":20,"column":6},"end":{"line":20,"column":56}},"10":{"start":{"line":24,"column":22},"end":{"line":39,"column":3}},"11":{"start":{"line":25,"column":21},"end":{"line":25,"column":31}},"12":{"start":{"line":26,"column":4},"end":{"line":38,"column":5}},"13":{"start":{"line":27,"column":22},"end":{"line":27,"column":72}},"14":{"start":{"line":28,"column":6},"end":{"line":30,"column":7}},"15":{"start":{"line":29,"column":8},"end":{"line":29,"column":51}},"16":{"start":{"line":31,"column":6},"end":{"line":31,"column":24}},"17":{"start":{"line":33,"column":6},"end":{"line":37,"column":7}},"18":{"start":{"line":34,"column":8},"end":{"line":34,"column":18}},"19":{"start":{"line":36,"column":8},"end":{"line":36,"column":56}}},"fnMap":{"0":{"name":"(anonymous_0)","decl":{"start":{"line":5,"column":2},"end":{"line":5,"column":3}},"loc":{"start":{"line":5,"column":39},"end":{"line":13,"column":3}},"line":5},"1":{"name":"(anonymous_1)","decl":{"start":{"line":15,"column":19},"end":{"line":15,"column":20}},"loc":{"start":{"line":15,"column":45},"end":{"line":22,"column":3}},"line":15},"2":{"name":"(anonymous_2)","decl":{"start":{"line":24,"column":22},"end":{"line":24,"column":23}},"loc":{"start":{"line":24,"column":48},"end":{"line":39,"column":3}},"line":24}},"branchMap":{"0":{"loc":{"start":{"line":7,"column":20},"end":{"line":7,"column":55}},"type":"binary-expr","locations":[{"start":{"line":7,"column":20},"end":{"line":7,"column":49}},{"start":{"line":7,"column":53},"end":{"line":7,"column":55}}],"line":7},"1":{"loc":{"start":{"line":28,"column":6},"end":{"line":30,"column":7}},"type":"if","locations":[{"start":{"line":28,"column":6},"end":{"line":30,"column":7}},{"start":{},"end":{}}],"line":28},"2":{"loc":{"start":{"line":33,"column":6},"end":{"line":37,"column":7}},"type":"if","locations":[{"start":{"line":33,"column":6},"end":{"line":37,"column":7}},{"start":{"line":35,"column":13},"end":{"line":37,"column":7}}],"line":33}},"s":{"0":3,"1":3,"2":3,"3":2,"4":1,"5":9,"6":3,"7":3,"8":2,"9":1,"10":9,"11":6,"12":6,"13":6,"14":4,"15":2,"16":2,"17":4,"18":3,"19":1},"f":{"0":3,"1":3,"2":6},"b":{"0":[3,2],"1":[2,2],"2":[3,1]},"inputSourceMap":null,"_coverageSchema":"1a1c01bbd47fc00a2c39e90264f33305004495a9","hash":"63b5d92f4b5360e2f37154cab6aeb9584215767b"}
,"C:\\Users\\The user\\express48\\server\\middlewares\\errorHandler.js": {"path":"C:\\Users\\The user\\express48\\server\\middlewares\\errorHandler.js","statementMap":{"0":{"start":{"line":1,"column":28},"end":{"line":20,"column":1}},"1":{"start":{"line":3,"column":4},"end":{"line":4,"column":51}},"2":{"start":{"line":6,"column":18},"end":{"line":6,"column":64}},"3":{"start":{"line":8,"column":2},"end":{"line":14,"column":5}},"4":{"start":{"line":16,"column":2},"end":{"line":19,"column":5}},"5":{"start":{"line":23,"column":2},"end":{"line":31,"column":3}},"6":{"start":{"line":24,"column":14},"end":{"line":24,"column":50}},"7":{"start":{"line":25,"column":14},"end":{"line":25,"column":46}},"8":{"start":{"line":26,"column":14},"end":{"line":26,"column":33}},"9":{"start":{"line":27,"column":14},"end":{"line":27,"column":44}},"10":{"start":{"line":28,"column":14},"end":{"line":28,"column":58}},"11":{"start":{"line":29,"column":14},"end":{"line":29,"column":45}},"12":{"start":{"line":30,"column":14},"end":{"line":30,"column":45}}},"fnMap":{"0":{"name":"(anonymous_0)","decl":{"start":{"line":1,"column":28},"end":{"line":1,"column":29}},"loc":{"start":{"line":1,"column":53},"end":{"line":20,"column":1}},"line":1},"1":{"name":"errMessageForClient","decl":{"start":{"line":22,"column":9},"end":{"line":22,"column":28}},"loc":{"start":{"line":22,"column":41},"end":{"line":32,"column":1}},"line":22}},"branchMap":{"0":{"loc":{"start":{"line":3,"column":4},"end":{"line":4,"column":51}},"type":"binary-expr","locations":[{"start":{"line":3,"column":4},"end":{"line":3,"column":14}},{"start":{"line":3,"column":18},"end":{"line":3,"column":32}},{"start":{"line":4,"column":5},"end":{"line":4,"column":50}}],"line":3},"1":{"loc":{"start":{"line":4,"column":5},"end":{"line":4,"column":50}},"type":"cond-expr","locations":[{"start":{"line":4,"column":30},"end":{"line":4,"column":44}},{"start":{"line":4,"column":47},"end":{"line":4,"column":50}}],"line":4},"2":{"loc":{"start":{"line":6,"column":18},"end":{"line":6,"column":64}},"type":"binary-expr","locations":[{"start":{"line":6,"column":18},"end":{"line":6,"column":29}},{"start":{"line":6,"column":33},"end":{"line":6,"column":64}}],"line":6},"3":{"loc":{"start":{"line":23,"column":2},"end":{"line":31,"column":3}},"type":"switch","locations":[{"start":{"line":24,"column":4},"end":{"line":24,"column":50}},{"start":{"line":25,"column":4},"end":{"line":25,"column":46}},{"start":{"line":26,"column":4},"end":{"line":26,"column":33}},{"start":{"line":27,"column":4},"end":{"line":27,"column":44}},{"start":{"line":28,"column":4},"end":{"line":28,"column":58}},{"start":{"line":29,"column":4},"end":{"line":29,"column":45}},{"start":{"line":30,"column":4},"end":{"line":30,"column":45}}],"line":23}},"s":{"0":2,"1":12,"2":12,"3":12,"4":12,"5":9,"6":1,"7":2,"8":1,"9":1,"10":1,"11":2,"12":1},"f":{"0":12,"1":9},"b":{"0":[12,11,2],"1":[0,2],"2":[12,9],"3":[1,2,1,1,1,2,1]},"inputSourceMap":null,"_coverageSchema":"1a1c01bbd47fc00a2c39e90264f33305004495a9","hash":"bf92e7eaecbc681c723c0f9c4e69a4c0301c3617"}
,"C:\\Users\\The user\\express48\\server\\router\\product.router.js": {"path":"C:\\Users\\The user\\express48\\server\\router\\product.router.js","statementMap":{"0":{"start":{"line":3,"column":26},"end":{"line":3,"column":49}},"1":{"start":{"line":4,"column":22},"end":{"line":4,"column":38}},"2":{"start":{"line":6,"column":0},"end":{"line":6,"column":60}},"3":{"start":{"line":7,"column":0},"end":{"line":7,"column":57}},"4":{"start":{"line":8,"column":0},"end":{"line":8,"column":65}}},"fnMap":{},"branchMap":{},"s":{"0":1,"1":1,"2":1,"3":1,"4":1},"f":{},"b":{},"inputSourceMap":null,"_coverageSchema":"1a1c01bbd47fc00a2c39e90264f33305004495a9","hash":"e8c6b923bea0ab4ef5009d0f5b042224c3a4850b"}
,"C:\\Users\\The user\\express48\\server\\service\\product.service.js": {"path":"C:\\Users\\The user\\express48\\server\\service\\product.service.js","statementMap":{"0":{"start":{"line":6,"column":2},"end":{"line":6,"column":33}},"1":{"start":{"line":6,"column":20},"end":{"line":6,"column":33}},"2":{"start":{"line":7,"column":15},"end":{"line":7,"column":75}},"3":{"start":{"line":8,"column":2},"end":{"line":8,"column":20}},"4":{"start":{"line":13,"column":4},"end":{"line":15,"column":5}},"5":{"start":{"line":14,"column":6},"end":{"line":14,"column":68}},"6":{"start":{"line":17,"column":16},"end":{"line":17,"column":26}},"7":{"start":{"line":18,"column":26},"end":{"line":18,"column":76}},"8":{"start":{"line":20,"column":4},"end":{"line":55,"column":5}},"9":{"start":{"line":21,"column":20},"end":{"line":24,"column":7}},"10":{"start":{"line":26,"column":23},"end":{"line":30,"column":33}},"11":{"start":{"line":32,"column":6},"end":{"line":52,"column":9}},"12":{"start":{"line":33,"column":8},"end":{"line":35,"column":9}},"13":{"start":{"line":34,"column":10},"end":{"line":34,"column":90}},"14":{"start":{"line":38,"column":10},"end":{"line":38,"column":50}},"15":{"start":{"line":40,"column":8},"end":{"line":51,"column":10}},"16":{"start":{"line":54,"column":6},"end":{"line":54,"column":92}},"17":{"start":{"line":58,"column":26},"end":{"line":66,"column":3}},"18":{"start":{"line":59,"column":4},"end":{"line":65,"column":5}},"19":{"start":{"line":60,"column":23},"end":{"line":60,"column":65}},"20":{"start":{"line":61,"column":6},"end":{"line":61,"column":69}},"21":{"start":{"line":61,"column":21},"end":{"line":61,"column":69}},"22":{"start":{"line":62,"column":6},"end":{"line":62,"column":22}},"23":{"start":{"line":64,"column":6},"end":{"line":64,"column":89}},"24":{"start":{"line":68,"column":28},"end":{"line":78,"column":3}},"25":{"start":{"line":69,"column":4},"end":{"line":69,"column":62}},"26":{"start":{"line":69,"column":15},"end":{"line":69,"column":62}},"27":{"start":{"line":71,"column":4},"end":{"line":77,"column":5}},"28":{"start":{"line":72,"column":22},"end":{"line":72,"column":73}},"29":{"start":{"line":73,"column":6},"end":{"line":73,"column":88}},"30":{"start":{"line":73,"column":20},"end":{"line":73,"column":88}},"31":{"start":{"line":74,"column":6},"end":{"line":74,"column":21}},"32":{"start":{"line":76,"column":6},"end":{"line":76,"column":96}},"33":{"start":{"line":81,"column":30},"end":{"line":81,"column":50}}},"fnMap":{"0":{"name":"isNewProduct","decl":{"start":{"line":5,"column":9},"end":{"line":5,"column":21}},"loc":{"start":{"line":5,"column":35},"end":{"line":9,"column":1}},"line":5},"1":{"name":"(anonymous_1)","decl":{"start":{"line":12,"column":2},"end":{"line":12,"column":3}},"loc":{"start":{"line":12,"column":36},"end":{"line":56,"column":3}},"line":12},"2":{"name":"(anonymous_2)","decl":{"start":{"line":32,"column":26},"end":{"line":32,"column":27}},"loc":{"start":{"line":32,"column":33},"end":{"line":52,"column":7}},"line":32},"3":{"name":"(anonymous_3)","decl":{"start":{"line":58,"column":26},"end":{"line":58,"column":27}},"loc":{"start":{"line":58,"column":38},"end":{"line":66,"column":3}},"line":58},"4":{"name":"(anonymous_4)","decl":{"start":{"line":68,"column":28},"end":{"line":68,"column":29}},"loc":{"start":{"line":68,"column":44},"end":{"line":78,"column":3}},"line":68}},"branchMap":{"0":{"loc":{"start":{"line":6,"column":2},"end":{"line":6,"column":33}},"type":"if","locations":[{"start":{"line":6,"column":2},"end":{"line":6,"column":33}},{"start":{},"end":{}}],"line":6},"1":{"loc":{"start":{"line":12,"column":24},"end":{"line":12,"column":34}},"type":"default-arg","locations":[{"start":{"line":12,"column":32},"end":{"line":12,"column":34}}],"line":12},"2":{"loc":{"start":{"line":13,"column":4},"end":{"line":15,"column":5}},"type":"if","locations":[{"start":{"line":13,"column":4},"end":{"line":15,"column":5}},{"start":{},"end":{}}],"line":13},"3":{"loc":{"start":{"line":13,"column":8},"end":{"line":13,"column":47}},"type":"binary-expr","locations":[{"start":{"line":13,"column":8},"end":{"line":13,"column":33}},{"start":{"line":13,"column":37},"end":{"line":13,"column":47}}],"line":13},"4":{"loc":{"start":{"line":33,"column":8},"end":{"line":35,"column":9}},"type":"if","locations":[{"start":{"line":33,"column":8},"end":{"line":35,"column":9}},{"start":{},"end":{}}],"line":33},"5":{"loc":{"start":{"line":48,"column":25},"end":{"line":48,"column":54}},"type":"cond-expr","locations":[{"start":{"line":48,"column":39},"end":{"line":48,"column":50}},{"start":{"line":48,"column":53},"end":{"line":48,"column":54}}],"line":48},"6":{"loc":{"start":{"line":54,"column":28},"end":{"line":54,"column":71}},"type":"binary-expr","locations":[{"start":{"line":54,"column":28},"end":{"line":54,"column":39}},{"start":{"line":54,"column":43},"end":{"line":54,"column":71}}],"line":54},"7":{"loc":{"start":{"line":54,"column":73},"end":{"line":54,"column":90}},"type":"binary-expr","locations":[{"start":{"line":54,"column":73},"end":{"line":54,"column":83}},{"start":{"line":54,"column":87},"end":{"line":54,"column":90}}],"line":54},"8":{"loc":{"start":{"line":61,"column":6},"end":{"line":61,"column":69}},"type":"if","locations":[{"start":{"line":61,"column":6},"end":{"line":61,"column":69}},{"start":{},"end":{}}],"line":61},"9":{"loc":{"start":{"line":64,"column":28},"end":{"line":64,"column":68}},"type":"binary-expr","locations":[{"start":{"line":64,"column":28},"end":{"line":64,"column":39}},{"start":{"line":64,"column":43},"end":{"line":64,"column":68}}],"line":64},"10":{"loc":{"start":{"line":64,"column":70},"end":{"line":64,"column":87}},"type":"binary-expr","locations":[{"start":{"line":64,"column":70},"end":{"line":64,"column":80}},{"start":{"line":64,"column":84},"end":{"line":64,"column":87}}],"line":64},"11":{"loc":{"start":{"line":69,"column":4},"end":{"line":69,"column":62}},"type":"if","locations":[{"start":{"line":69,"column":4},"end":{"line":69,"column":62}},{"start":{},"end":{}}],"line":69},"12":{"loc":{"start":{"line":73,"column":6},"end":{"line":73,"column":88}},"type":"if","locations":[{"start":{"line":73,"column":6},"end":{"line":73,"column":88}},{"start":{},"end":{}}],"line":73},"13":{"loc":{"start":{"line":76,"column":28},"end":{"line":76,"column":75}},"type":"binary-expr","locations":[{"start":{"line":76,"column":28},"end":{"line":76,"column":39}},{"start":{"line":76,"column":43},"end":{"line":76,"column":75}}],"line":76},"14":{"loc":{"start":{"line":76,"column":77},"end":{"line":76,"column":94}},"type":"binary-expr","locations":[{"start":{"line":76,"column":77},"end":{"line":76,"column":87}},{"start":{"line":76,"column":91},"end":{"line":76,"column":94}}],"line":76}},"s":{"0":3,"1":0,"2":3,"3":3,"4":4,"5":1,"6":3,"7":3,"8":3,"9":3,"10":3,"11":3,"12":3,"13":0,"14":3,"15":3,"16":0,"17":1,"18":3,"19":3,"20":2,"21":0,"22":2,"23":1,"24":1,"25":5,"26":2,"27":3,"28":3,"29":2,"30":1,"31":1,"32":2,"33":1},"f":{"0":3,"1":4,"2":3,"3":3,"4":5},"b":{"0":[0,3],"1":[3],"2":[1,3],"3":[4,4],"4":[0,3],"5":[1,2],"6":[0,0],"7":[0,0],"8":[0,2],"9":[1,0],"10":[1,1],"11":[2,3],"12":[1,1],"13":[2,0],"14":[2,1]},"inputSourceMap":null,"_coverageSchema":"1a1c01bbd47fc00a2c39e90264f33305004495a9","hash":"15a6c577a07fb757c1516e693be1bc4f48cf8f2e"}
,"C:\\Users\\The user\\express48\\server\\utils\\customError.js": {"path":"C:\\Users\\The user\\express48\\server\\utils\\customError.js","statementMap":{"0":{"start":{"line":3,"column":4},"end":{"line":3,"column":19}},"1":{"start":{"line":4,"column":4},"end":{"line":4,"column":25}},"2":{"start":{"line":5,"column":4},"end":{"line":5,"column":30}}},"fnMap":{"0":{"name":"(anonymous_0)","decl":{"start":{"line":2,"column":2},"end":{"line":2,"column":3}},"loc":{"start":{"line":2,"column":37},"end":{"line":6,"column":3}},"line":2}},"branchMap":{"0":{"loc":{"start":{"line":2,"column":23},"end":{"line":2,"column":35}},"type":"default-arg","locations":[{"start":{"line":2,"column":32},"end":{"line":2,"column":35}}],"line":2}},"s":{"0":13,"1":13,"2":13},"f":{"0":13},"b":{"0":[0]},"inputSourceMap":null,"_coverageSchema":"1a1c01bbd47fc00a2c39e90264f33305004495a9","hash":"53a9fda134b7775039b192aa36dd01f242334b57"}
}
