TN:
SF:controllers\product.controller.js
FN:5,(anonymous_0)
FN:15,(anonymous_1)
FN:24,(anonymous_2)
FNF:3
FNH:3
FNDA:3,(anonymous_0)
FNDA:3,(anonymous_1)
FNDA:6,(anonymous_2)
DA:6,3
DA:7,3
DA:8,3
DA:9,2
DA:11,1
DA:15,9
DA:16,3
DA:17,3
DA:18,2
DA:20,1
DA:24,9
DA:25,6
DA:26,6
DA:27,6
DA:28,4
DA:29,2
DA:31,2
DA:33,4
DA:34,3
DA:36,1
LF:20
LH:20
BRDA:7,0,0,3
BRDA:7,0,1,2
BRDA:28,1,0,2
BRDA:28,1,1,2
BRDA:33,2,0,3
BRDA:33,2,1,1
BRF:6
BRH:6
end_of_record
TN:
SF:middlewares\errorHandler.js
FN:1,(anonymous_0)
FN:22,errMessageForClient
FNF:2
FNH:2
FNDA:12,(anonymous_0)
FNDA:9,errMessageForClient
DA:1,2
DA:3,12
DA:6,12
DA:8,12
DA:16,12
DA:23,9
DA:24,1
DA:25,2
DA:26,1
DA:27,1
DA:28,1
DA:29,2
DA:30,1
LF:13
LH:13
BRDA:3,0,0,12
BRDA:3,0,1,11
BRDA:3,0,2,2
BRDA:4,1,0,0
BRDA:4,1,1,2
BRDA:6,2,0,12
BRDA:6,2,1,9
BRDA:23,3,0,1
BRDA:23,3,1,2
BRDA:23,3,2,1
BRDA:23,3,3,1
BRDA:23,3,4,1
BRDA:23,3,5,2
BRDA:23,3,6,1
BRF:14
BRH:13
end_of_record
TN:
SF:router\product.router.js
FNF:0
FNH:0
DA:3,1
DA:4,1
DA:6,1
DA:7,1
DA:8,1
LF:5
LH:5
BRF:0
BRH:0
end_of_record
TN:
SF:service\product.service.js
FN:5,isNewProduct
FN:12,(anonymous_1)
FN:32,(anonymous_2)
FN:58,(anonymous_3)
FN:68,(anonymous_4)
FNF:5
FNH:5
FNDA:3,isNewProduct
FNDA:4,(anonymous_1)
FNDA:3,(anonymous_2)
FNDA:3,(anonymous_3)
FNDA:5,(anonymous_4)
DA:6,3
DA:7,3
DA:8,3
DA:13,4
DA:14,1
DA:17,3
DA:18,3
DA:20,3
DA:21,3
DA:26,3
DA:32,3
DA:33,3
DA:34,0
DA:38,3
DA:40,3
DA:54,0
DA:58,1
DA:59,3
DA:60,3
DA:61,2
DA:62,2
DA:64,1
DA:68,1
DA:69,5
DA:71,3
DA:72,3
DA:73,2
DA:74,1
DA:76,2
DA:81,1
LF:30
LH:28
BRDA:6,0,0,0
BRDA:6,0,1,3
BRDA:12,1,0,3
BRDA:13,2,0,1
BRDA:13,2,1,3
BRDA:13,3,0,4
BRDA:13,3,1,4
BRDA:33,4,0,0
BRDA:33,4,1,3
BRDA:48,5,0,1
BRDA:48,5,1,2
BRDA:54,6,0,0
BRDA:54,6,1,0
BRDA:54,7,0,0
BRDA:54,7,1,0
BRDA:61,8,0,0
BRDA:61,8,1,2
BRDA:64,9,0,1
BRDA:64,9,1,0
BRDA:64,10,0,1
BRDA:64,10,1,1
BRDA:69,11,0,2
BRDA:69,11,1,3
BRDA:73,12,0,1
BRDA:73,12,1,1
BRDA:76,13,0,2
BRDA:76,13,1,0
BRDA:76,14,0,2
BRDA:76,14,1,1
BRF:29
BRH:20
end_of_record
TN:
SF:utils\customError.js
FN:2,(anonymous_0)
FNF:1
FNH:1
FNDA:13,(anonymous_0)
DA:3,13
DA:4,13
DA:5,13
LF:3
LH:3
BRDA:2,0,0,0
BRF:1
BRH:0
end_of_record
