TN:
SF:controllers\product.controller.js
FN:4,(anonymous_0)
FN:16,(anonymous_1)
FN:25,(anonymous_2)
FNF:3
FNH:3
FNDA:3,(anonymous_0)
FNDA:2,(anonymous_1)
FNDA:3,(anonymous_2)
DA:5,3
DA:6,3
DA:7,3
DA:10,2
DA:12,1
DA:16,8
DA:17,2
DA:18,2
DA:19,1
DA:21,1
DA:25,8
DA:26,3
DA:27,3
DA:28,3
DA:29,2
DA:30,1
DA:32,1
DA:34,1
LF:18
LH:18
BRDA:6,0,0,3
BRDA:6,0,1,2
BRDA:29,1,0,1
BRDA:29,1,1,1
BRF:4
BRH:4
end_of_record
TN:
SF:middlewares\rateLimit.middleware.js
FN:10,(anonymous_0)
FN:19,(anonymous_1)
FN:27,(anonymous_2)
FN:101,(anonymous_3)
FNF:4
FNH:2
FNDA:0,(anonymous_0)
FNDA:1,(anonymous_1)
FNDA:1,(anonymous_2)
FNDA:0,(anonymous_3)
DA:10,1
DA:11,0
DA:19,1
DA:20,1
DA:21,1
DA:24,1
DA:27,1
DA:28,1
DA:32,1
DA:33,1
DA:37,1
DA:49,1
DA:58,1
DA:67,1
DA:77,1
DA:86,1
DA:94,1
DA:102,0
DA:106,1
DA:116,1
LF:20
LH:18
BRDA:14,0,0,0
BRDA:14,0,1,0
BRDA:20,1,0,0
BRDA:20,1,1,1
BRDA:21,2,0,0
BRDA:21,2,1,1
BRDA:28,3,0,1
BRDA:28,3,1,0
BRDA:28,3,2,0
BRDA:33,4,0,1
BRDA:33,4,1,0
BRDA:102,5,0,0
BRDA:102,5,1,0
BRF:13
BRH:4
end_of_record
TN:
SF:router\entrance.router.js
FNF:0
FNH:0
DA:6,1
DA:7,1
DA:9,1
DA:10,1
DA:11,1
DA:12,1
DA:13,1
LF:7
LH:7
BRF:0
BRH:0
end_of_record
TN:
SF:service\entrance.service.js
FN:9,(anonymous_0)
FN:16,(anonymous_1)
FN:32,(anonymous_2)
FN:47,(anonymous_3)
FN:53,(anonymous_4)
FNF:5
FNH:5
FNDA:2,(anonymous_0)
FNDA:4,(anonymous_1)
FNDA:2,(anonymous_2)
FNDA:2,(anonymous_3)
FNDA:2,(anonymous_4)
DA:10,2
DA:11,2
DA:13,1
DA:17,4
DA:18,4
DA:20,3
DA:21,3
DA:23,2
DA:24,2
DA:26,1
DA:28,1
DA:33,2
DA:34,2
DA:35,1
DA:36,1
DA:39,1
DA:40,1
DA:41,1
DA:43,1
DA:48,2
DA:49,2
DA:50,2
DA:51,2
DA:54,2
DA:55,2
LF:25
LH:25
BRDA:11,0,0,1
BRDA:11,0,1,1
BRDA:18,1,0,1
BRDA:18,1,1,3
BRDA:21,2,0,1
BRDA:21,2,1,2
BRDA:24,3,0,1
BRDA:24,3,1,1
BRDA:34,4,0,1
BRDA:34,4,1,1
BRDA:49,5,0,1
BRDA:49,5,1,1
BRF:12
BRH:12
end_of_record
TN:
SF:service\product.service.js
FN:5,isNewProduct
FN:12,(anonymous_1)
FN:27,(anonymous_2)
FN:45,(anonymous_3)
FN:54,(anonymous_4)
FNF:5
FNH:5
FNDA:5,isNewProduct
FNDA:4,(anonymous_1)
FNDA:5,(anonymous_2)
FNDA:3,(anonymous_3)
FNDA:3,(anonymous_4)
DA:6,5
DA:7,5
DA:8,5
DA:13,4
DA:14,4
DA:16,4
DA:21,4
DA:27,4
DA:29,5
DA:31,5
DA:45,1
DA:46,3
DA:47,3
DA:48,2
DA:50,1
DA:54,1
DA:55,3
DA:56,3
DA:57,2
DA:59,1
DA:64,1
LF:21
LH:21
BRDA:6,0,0,0
BRDA:6,0,1,5
BRDA:12,1,0,3
BRDA:39,2,0,1
BRDA:39,2,1,4
BRF:5
BRH:4
end_of_record
